#
# A fatal error has been detected by the Java Runtime Environment:
#
#  Internal Error (./src/hotspot/share/oops/generateOopMap.cpp:2164), pid=11148, tid=18032
#  fatal error: Illegal class file encountered. Try running with -Xverify:all in method dijkstrasShortestPath
#
# JRE version: OpenJDK Runtime Environment AdoptOpenJDK (11.0.8+10) (build 11.0.8+10)
# Java VM: OpenJDK 64-Bit Server VM AdoptOpenJDK (11.0.8+10, mixed mode, tiered, compressed oops, g1 gc, windows-amd64)
# No core dump will be written. Minidumps are not enabled by default on client versions of Windows
#
# If you would like to submit a bug report, please visit:
#   https://github.com/AdoptOpenJDK/openjdk-support/issues
#

---------------  S U M M A R Y ------------

Command Line: -agentlib:jdwp=transport=dt_socket,suspend=y,address=localhost:65420 -ea -javaagent:C:\Users\casey\eclipse\java-2020-06\eclipse\configuration\org.eclipse.osgi\222\0\.cp\lib\javaagent-shaded.jar -Dfile.encoding=Cp1252 org.eclipse.jdt.internal.junit.runner.RemoteTestRunner -version 3 -port 65419 -testLoaderClass org.eclipse.jdt.internal.junit5.runner.JUnit5TestLoader -loaderpluginname org.eclipse.jdt.junit5.runtime -classNames GraphTest

Host: AMD Ryzen 9 3900X 12-Core Processor            , 24 cores, 31G,  Windows 10 , 64 bit Build 19041 (10.0.19041.804)
Time: Tue Apr  6 19:34:24 2021 Central Daylight Time elapsed time: 313 seconds (0d 0h 5m 13s)

---------------  T H R E A D  ---------------

Current thread (0x000002bd60d88000):  VMThread "VM Thread" [stack: 0x000000fe54500000,0x000000fe54600000] [id=18032]

Stack: [0x000000fe54500000,0x000000fe54600000]
[error occurred during error reporting (printing stack bounds), id 0xc0000005, EXCEPTION_ACCESS_VIOLATION (0xc0000005) at pc=0x000002bd3a790dad]

Native frames: (J=compiled Java code, j=interpreted, Vv=VM code, C=native code)
V  [jvm.dll+0x5dfa5a]
V  [jvm.dll+0x7175ce]
V  [jvm.dll+0x718c9f]
V  [jvm.dll+0x7192c5]
V  [jvm.dll+0x71927b]
V  [jvm.dll+0x5df003]
V  [jvm.dll+0x5df708]
C  [ntdll.dll+0xa1f6f]
C  [ntdll.dll+0x51454]
C  [ntdll.dll+0xa0a9e]
C  0x000002bd3a790dad

VM_Operation (0x000000fe552ff0d0): GetOrSetLocal, mode: safepoint, requested by thread 0x000002bd61a4d000


---------------  P R O C E S S  ---------------

Threads class SMR info:
_java_thread_list=0x000002bd61002e40, length=14, elements={
0x000002bd3211e000, 0x000002bd60d89000, 0x000002bd60d8a800, 0x000002bd60e1c800,
0x000002bd60e1d800, 0x000002bd60e1f800, 0x000002bd60dd2000, 0x000002bd60dd3000,
0x000002bd60f96800, 0x000002bd61a4d000, 0x000002bd61a50000, 0x000002bd61b36000,
0x000002bd61ad1000, 0x000002bd61c24800
}

Java Threads: ( => current thread )
  0x000002bd3211e000 JavaThread "main" [_thread_blocked, id=11080, stack(0x000000fe53f00000,0x000000fe54000000)]
  0x000002bd60d89000 JavaThread "Reference Handler" daemon [_thread_blocked, id=12792, stack(0x000000fe54600000,0x000000fe54700000)]
  0x000002bd60d8a800 JavaThread "Finalizer" daemon [_thread_blocked, id=9068, stack(0x000000fe54700000,0x000000fe54800000)]
  0x000002bd60e1c800 JavaThread "Signal Dispatcher" daemon [_thread_blocked, id=12060, stack(0x000000fe54800000,0x000000fe54900000)]
  0x000002bd60e1d800 JavaThread "Attach Listener" daemon [_thread_blocked, id=19268, stack(0x000000fe54900000,0x000000fe54a00000)]
  0x000002bd60e1f800 JavaThread "C2 CompilerThread0" daemon [_thread_blocked, id=13536, stack(0x000000fe54a00000,0x000000fe54b00000)]
  0x000002bd60dd2000 JavaThread "C1 CompilerThread0" daemon [_thread_blocked, id=10844, stack(0x000000fe54b00000,0x000000fe54c00000)]
  0x000002bd60dd3000 JavaThread "Sweeper thread" daemon [_thread_blocked, id=17472, stack(0x000000fe54c00000,0x000000fe54d00000)]
  0x000002bd60f96800 JavaThread "Common-Cleaner" daemon [_thread_blocked, id=1656, stack(0x000000fe54d00000,0x000000fe54e00000)]
  0x000002bd61a4d000 JavaThread "JDWP Transport Listener: dt_socket" daemon [_thread_blocked, id=17836, stack(0x000000fe55200000,0x000000fe55300000)] _threads_hazard_ptr=0x000002bd61002e40
  0x000002bd61a50000 JavaThread "JDWP Event Helper Thread" daemon [_thread_blocked, id=8564, stack(0x000000fe55300000,0x000000fe55400000)]
  0x000002bd61b36000 JavaThread "JDWP Command Reader" daemon [_thread_in_native, id=1104, stack(0x000000fe55400000,0x000000fe55500000)]
  0x000002bd61ad1000 JavaThread "Service Thread" daemon [_thread_blocked, id=21520, stack(0x000000fe55500000,0x000000fe55600000)]
  0x000002bd61c24800 JavaThread "ReaderThread" [_thread_in_native, id=16852, stack(0x000000fe55700000,0x000000fe55800000)]

Other Threads:
=>0x000002bd60d88000 VMThread "VM Thread" [stack: 0x000000fe54500000,0x000000fe54600000] [id=18032]
  0x000002bd61ad3000 WatcherThread [stack: 0x000000fe55600000,0x000000fe55700000] [id=7428]
  0x000002bd32137800 GCTaskThread "GC Thread#0" [stack: 0x000000fe54000000,0x000000fe54100000] [id=1824]
  0x000002bd62a6c800 GCTaskThread "GC Thread#1" [stack: 0x000000fe55800000,0x000000fe55900000] [id=6952]
  0x000002bd62a1c800 GCTaskThread "GC Thread#2" [stack: 0x000000fe55900000,0x000000fe55a00000] [id=15500]
  0x000002bd62a1d000 GCTaskThread "GC Thread#3" [stack: 0x000000fe55a00000,0x000000fe55b00000] [id=8928]
  0x000002bd62699800 GCTaskThread "GC Thread#4" [stack: 0x000000fe55b00000,0x000000fe55c00000] [id=14656]
  0x000002bd6269a000 GCTaskThread "GC Thread#5" [stack: 0x000000fe55c00000,0x000000fe55d00000] [id=17960]
  0x000002bd62de9000 GCTaskThread "GC Thread#6" [stack: 0x000000fe55d00000,0x000000fe55e00000] [id=22792]
  0x000002bd62de9800 GCTaskThread "GC Thread#7" [stack: 0x000000fe55e00000,0x000000fe55f00000] [id=9384]
  0x000002bd62c05000 GCTaskThread "GC Thread#8" [stack: 0x000000fe55f00000,0x000000fe56000000] [id=20384]
  0x000002bd62c05800 GCTaskThread "GC Thread#9" [stack: 0x000000fe56000000,0x000000fe56100000] [id=15564]
  0x000002bd629b9800 GCTaskThread "GC Thread#10" [stack: 0x000000fe56100000,0x000000fe56200000] [id=860]
  0x000002bd61de4000 GCTaskThread "GC Thread#11" [stack: 0x000000fe56200000,0x000000fe56300000] [id=13400]
  0x000002bd321b5800 ConcurrentGCThread "G1 Main Marker" [stack: 0x000000fe54100000,0x000000fe54200000] [id=13172]
  0x000002bd321b6800 ConcurrentGCThread "G1 Conc#0" [stack: 0x000000fe54200000,0x000000fe54300000] [id=19908]
  0x000002bd609c5000 ConcurrentGCThread "G1 Refine#0" [stack: 0x000000fe54300000,0x000000fe54400000] [id=10192]
  0x000002bd609c7000 ConcurrentGCThread "G1 Young RemSet Sampling" [stack: 0x000000fe54400000,0x000000fe54500000] [id=14564]

Threads with active compile tasks:

VM state:at safepoint (normal execution)

VM Mutex/Monitor currently owned by a thread:  ([mutex/lock_event])
[0x000002bd32119130] Threads_lock - owner thread: 0x000002bd60d88000

Heap address: 0x0000000601600000, size: 8170 MB, Compressed Oops mode: Zero based, Oop shift amount: 3
Narrow klass base: 0x0000000800000000, Narrow klass shift: 0
Compressed class space size: 1073741824 Address: 0x0000000800000000

Heap:
 garbage-first heap   total 524288K, used 21072K [0x0000000601600000, 0x0000000800000000)
  region size 2048K, 12 young (24576K), 2 survivors (4096K)
 Metaspace       used 14108K, capacity 14626K, committed 14720K, reserved 1062912K
  class space    used 1406K, capacity 1593K, committed 1664K, reserved 1048576K
Heap Regions: E=young(eden), S=young(survivor), O=old, HS=humongous(starts), HC=humongous(continues), CS=collection set, F=free, A=archive, TAMS=top-at-mark-start (previous, next)
|   0|0x0000000601600000, 0x0000000601600000, 0x0000000601800000|  0%| F|  |TAMS 0x0000000601600000, 0x0000000601600000| Untracked 
|   1|0x0000000601800000, 0x0000000601800000, 0x0000000601a00000|  0%| F|  |TAMS 0x0000000601800000, 0x0000000601800000| Untracked 
|   2|0x0000000601a00000, 0x0000000601a00000, 0x0000000601c00000|  0%| F|  |TAMS 0x0000000601a00000, 0x0000000601a00000| Untracked 
|   3|0x0000000601c00000, 0x0000000601c00000, 0x0000000601e00000|  0%| F|  |TAMS 0x0000000601c00000, 0x0000000601c00000| Untracked 
|   4|0x0000000601e00000, 0x0000000601e00000, 0x0000000602000000|  0%| F|  |TAMS 0x0000000601e00000, 0x0000000601e00000| Untracked 
|   5|0x0000000602000000, 0x0000000602000000, 0x0000000602200000|  0%| F|  |TAMS 0x0000000602000000, 0x0000000602000000| Untracked 
|   6|0x0000000602200000, 0x0000000602200000, 0x0000000602400000|  0%| F|  |TAMS 0x0000000602200000, 0x0000000602200000| Untracked 
|   7|0x0000000602400000, 0x0000000602400000, 0x0000000602600000|  0%| F|  |TAMS 0x0000000602400000, 0x0000000602400000| Untracked 
|   8|0x0000000602600000, 0x0000000602600000, 0x0000000602800000|  0%| F|  |TAMS 0x0000000602600000, 0x0000000602600000| Untracked 
|   9|0x0000000602800000, 0x0000000602800000, 0x0000000602a00000|  0%| F|  |TAMS 0x0000000602800000, 0x0000000602800000| Untracked 
|  10|0x0000000602a00000, 0x0000000602a00000, 0x0000000602c00000|  0%| F|  |TAMS 0x0000000602a00000, 0x0000000602a00000| Untracked 
|  11|0x0000000602c00000, 0x0000000602c00000, 0x0000000602e00000|  0%| F|  |TAMS 0x0000000602c00000, 0x0000000602c00000| Untracked 
|  12|0x0000000602e00000, 0x0000000602e00000, 0x0000000603000000|  0%| F|  |TAMS 0x0000000602e00000, 0x0000000602e00000| Untracked 
|  13|0x0000000603000000, 0x0000000603000000, 0x0000000603200000|  0%| F|  |TAMS 0x0000000603000000, 0x0000000603000000| Untracked 
|  14|0x0000000603200000, 0x0000000603200000, 0x0000000603400000|  0%| F|  |TAMS 0x0000000603200000, 0x0000000603200000| Untracked 
|  15|0x0000000603400000, 0x0000000603400000, 0x0000000603600000|  0%| F|  |TAMS 0x0000000603400000, 0x0000000603400000| Untracked 
|  16|0x0000000603600000, 0x0000000603600000, 0x0000000603800000|  0%| F|  |TAMS 0x0000000603600000, 0x0000000603600000| Untracked 
|  17|0x0000000603800000, 0x0000000603800000, 0x0000000603a00000|  0%| F|  |TAMS 0x0000000603800000, 0x0000000603800000| Untracked 
|  18|0x0000000603a00000, 0x0000000603a00000, 0x0000000603c00000|  0%| F|  |TAMS 0x0000000603a00000, 0x0000000603a00000| Untracked 
|  19|0x0000000603c00000, 0x0000000603c00000, 0x0000000603e00000|  0%| F|  |TAMS 0x0000000603c00000, 0x0000000603c00000| Untracked 
|  20|0x0000000603e00000, 0x0000000603e00000, 0x0000000604000000|  0%| F|  |TAMS 0x0000000603e00000, 0x0000000603e00000| Untracked 
|  21|0x0000000604000000, 0x0000000604000000, 0x0000000604200000|  0%| F|  |TAMS 0x0000000604000000, 0x0000000604000000| Untracked 
|  22|0x0000000604200000, 0x0000000604200000, 0x0000000604400000|  0%| F|  |TAMS 0x0000000604200000, 0x0000000604200000| Untracked 
|  23|0x0000000604400000, 0x0000000604400000, 0x0000000604600000|  0%| F|  |TAMS 0x0000000604400000, 0x0000000604400000| Untracked 
|  24|0x0000000604600000, 0x0000000604600000, 0x0000000604800000|  0%| F|  |TAMS 0x0000000604600000, 0x0000000604600000| Untracked 
|  25|0x0000000604800000, 0x0000000604800000, 0x0000000604a00000|  0%| F|  |TAMS 0x0000000604800000, 0x0000000604800000| Untracked 
|  26|0x0000000604a00000, 0x0000000604a00000, 0x0000000604c00000|  0%| F|  |TAMS 0x0000000604a00000, 0x0000000604a00000| Untracked 
|  27|0x0000000604c00000, 0x0000000604c00000, 0x0000000604e00000|  0%| F|  |TAMS 0x0000000604c00000, 0x0000000604c00000| Untracked 
|  28|0x0000000604e00000, 0x0000000604e00000, 0x0000000605000000|  0%| F|  |TAMS 0x0000000604e00000, 0x0000000604e00000| Untracked 
|  29|0x0000000605000000, 0x0000000605000000, 0x0000000605200000|  0%| F|  |TAMS 0x0000000605000000, 0x0000000605000000| Untracked 
|  30|0x0000000605200000, 0x0000000605200000, 0x0000000605400000|  0%| F|  |TAMS 0x0000000605200000, 0x0000000605200000| Untracked 
|  31|0x0000000605400000, 0x0000000605400000, 0x0000000605600000|  0%| F|  |TAMS 0x0000000605400000, 0x0000000605400000| Untracked 
|  32|0x0000000605600000, 0x0000000605600000, 0x0000000605800000|  0%| F|  |TAMS 0x0000000605600000, 0x0000000605600000| Untracked 
|  33|0x0000000605800000, 0x0000000605800000, 0x0000000605a00000|  0%| F|  |TAMS 0x0000000605800000, 0x0000000605800000| Untracked 
|  34|0x0000000605a00000, 0x0000000605a00000, 0x0000000605c00000|  0%| F|  |TAMS 0x0000000605a00000, 0x0000000605a00000| Untracked 
|  35|0x0000000605c00000, 0x0000000605c00000, 0x0000000605e00000|  0%| F|  |TAMS 0x0000000605c00000, 0x0000000605c00000| Untracked 
|  36|0x0000000605e00000, 0x0000000605e00000, 0x0000000606000000|  0%| F|  |TAMS 0x0000000605e00000, 0x0000000605e00000| Untracked 
|  37|0x0000000606000000, 0x0000000606000000, 0x0000000606200000|  0%| F|  |TAMS 0x0000000606000000, 0x0000000606000000| Untracked 
|  38|0x0000000606200000, 0x0000000606200000, 0x0000000606400000|  0%| F|  |TAMS 0x0000000606200000, 0x0000000606200000| Untracked 
|  39|0x0000000606400000, 0x0000000606400000, 0x0000000606600000|  0%| F|  |TAMS 0x0000000606400000, 0x0000000606400000| Untracked 
|  40|0x0000000606600000, 0x0000000606600000, 0x0000000606800000|  0%| F|  |TAMS 0x0000000606600000, 0x0000000606600000| Untracked 
|  41|0x0000000606800000, 0x0000000606800000, 0x0000000606a00000|  0%| F|  |TAMS 0x0000000606800000, 0x0000000606800000| Untracked 
|  42|0x0000000606a00000, 0x0000000606a00000, 0x0000000606c00000|  0%| F|  |TAMS 0x0000000606a00000, 0x0000000606a00000| Untracked 
|  43|0x0000000606c00000, 0x0000000606c00000, 0x0000000606e00000|  0%| F|  |TAMS 0x0000000606c00000, 0x0000000606c00000| Untracked 
|  44|0x0000000606e00000, 0x0000000606e00000, 0x0000000607000000|  0%| F|  |TAMS 0x0000000606e00000, 0x0000000606e00000| Untracked 
|  45|0x0000000607000000, 0x0000000607000000, 0x0000000607200000|  0%| F|  |TAMS 0x0000000607000000, 0x0000000607000000| Untracked 
|  46|0x0000000607200000, 0x0000000607200000, 0x0000000607400000|  0%| F|  |TAMS 0x0000000607200000, 0x0000000607200000| Untracked 
|  47|0x0000000607400000, 0x0000000607400000, 0x0000000607600000|  0%| F|  |TAMS 0x0000000607400000, 0x0000000607400000| Untracked 
|  48|0x0000000607600000, 0x0000000607600000, 0x0000000607800000|  0%| F|  |TAMS 0x0000000607600000, 0x0000000607600000| Untracked 
|  49|0x0000000607800000, 0x0000000607800000, 0x0000000607a00000|  0%| F|  |TAMS 0x0000000607800000, 0x0000000607800000| Untracked 
|  50|0x0000000607a00000, 0x0000000607a00000, 0x0000000607c00000|  0%| F|  |TAMS 0x0000000607a00000, 0x0000000607a00000| Untracked 
|  51|0x0000000607c00000, 0x0000000607c00000, 0x0000000607e00000|  0%| F|  |TAMS 0x0000000607c00000, 0x0000000607c00000| Untracked 
|  52|0x0000000607e00000, 0x0000000607e00000, 0x0000000608000000|  0%| F|  |TAMS 0x0000000607e00000, 0x0000000607e00000| Untracked 
|  53|0x0000000608000000, 0x0000000608000000, 0x0000000608200000|  0%| F|  |TAMS 0x0000000608000000, 0x0000000608000000| Untracked 
|  54|0x0000000608200000, 0x0000000608200000, 0x0000000608400000|  0%| F|  |TAMS 0x0000000608200000, 0x0000000608200000| Untracked 
|  55|0x0000000608400000, 0x0000000608400000, 0x0000000608600000|  0%| F|  |TAMS 0x0000000608400000, 0x0000000608400000| Untracked 
|  56|0x0000000608600000, 0x0000000608600000, 0x0000000608800000|  0%| F|  |TAMS 0x0000000608600000, 0x0000000608600000| Untracked 
|  57|0x0000000608800000, 0x0000000608800000, 0x0000000608a00000|  0%| F|  |TAMS 0x0000000608800000, 0x0000000608800000| Untracked 
|  58|0x0000000608a00000, 0x0000000608a00000, 0x0000000608c00000|  0%| F|  |TAMS 0x0000000608a00000, 0x0000000608a00000| Untracked 
|  59|0x0000000608c00000, 0x0000000608c00000, 0x0000000608e00000|  0%| F|  |TAMS 0x0000000608c00000, 0x0000000608c00000| Untracked 
|  60|0x0000000608e00000, 0x0000000608e00000, 0x0000000609000000|  0%| F|  |TAMS 0x0000000608e00000, 0x0000000608e00000| Untracked 
|  61|0x0000000609000000, 0x0000000609000000, 0x0000000609200000|  0%| F|  |TAMS 0x0000000609000000, 0x0000000609000000| Untracked 
|  62|0x0000000609200000, 0x0000000609200000, 0x0000000609400000|  0%| F|  |TAMS 0x0000000609200000, 0x0000000609200000| Untracked 
|  63|0x0000000609400000, 0x0000000609400000, 0x0000000609600000|  0%| F|  |TAMS 0x0000000609400000, 0x0000000609400000| Untracked 
|  64|0x0000000609600000, 0x0000000609600000, 0x0000000609800000|  0%| F|  |TAMS 0x0000000609600000, 0x0000000609600000| Untracked 
|  65|0x0000000609800000, 0x0000000609800000, 0x0000000609a00000|  0%| F|  |TAMS 0x0000000609800000, 0x0000000609800000| Untracked 
|  66|0x0000000609a00000, 0x0000000609a00000, 0x0000000609c00000|  0%| F|  |TAMS 0x0000000609a00000, 0x0000000609a00000| Untracked 
|  67|0x0000000609c00000, 0x0000000609c00000, 0x0000000609e00000|  0%| F|  |TAMS 0x0000000609c00000, 0x0000000609c00000| Untracked 
|  68|0x0000000609e00000, 0x0000000609e00000, 0x000000060a000000|  0%| F|  |TAMS 0x0000000609e00000, 0x0000000609e00000| Untracked 
|  69|0x000000060a000000, 0x000000060a000000, 0x000000060a200000|  0%| F|  |TAMS 0x000000060a000000, 0x000000060a000000| Untracked 
|  70|0x000000060a200000, 0x000000060a200000, 0x000000060a400000|  0%| F|  |TAMS 0x000000060a200000, 0x000000060a200000| Untracked 
|  71|0x000000060a400000, 0x000000060a400000, 0x000000060a600000|  0%| F|  |TAMS 0x000000060a400000, 0x000000060a400000| Untracked 
|  72|0x000000060a600000, 0x000000060a600000, 0x000000060a800000|  0%| F|  |TAMS 0x000000060a600000, 0x000000060a600000| Untracked 
|  73|0x000000060a800000, 0x000000060a800000, 0x000000060aa00000|  0%| F|  |TAMS 0x000000060a800000, 0x000000060a800000| Untracked 
|  74|0x000000060aa00000, 0x000000060aa00000, 0x000000060ac00000|  0%| F|  |TAMS 0x000000060aa00000, 0x000000060aa00000| Untracked 
|  75|0x000000060ac00000, 0x000000060ac00000, 0x000000060ae00000|  0%| F|  |TAMS 0x000000060ac00000, 0x000000060ac00000| Untracked 
|  76|0x000000060ae00000, 0x000000060ae00000, 0x000000060b000000|  0%| F|  |TAMS 0x000000060ae00000, 0x000000060ae00000| Untracked 
|  77|0x000000060b000000, 0x000000060b000000, 0x000000060b200000|  0%| F|  |TAMS 0x000000060b000000, 0x000000060b000000| Untracked 
|  78|0x000000060b200000, 0x000000060b200000, 0x000000060b400000|  0%| F|  |TAMS 0x000000060b200000, 0x000000060b200000| Untracked 
|  79|0x000000060b400000, 0x000000060b400000, 0x000000060b600000|  0%| F|  |TAMS 0x000000060b400000, 0x000000060b400000| Untracked 
|  80|0x000000060b600000, 0x000000060b600000, 0x000000060b800000|  0%| F|  |TAMS 0x000000060b600000, 0x000000060b600000| Untracked 
|  81|0x000000060b800000, 0x000000060b800000, 0x000000060ba00000|  0%| F|  |TAMS 0x000000060b800000, 0x000000060b800000| Untracked 
|  82|0x000000060ba00000, 0x000000060ba00000, 0x000000060bc00000|  0%| F|  |TAMS 0x000000060ba00000, 0x000000060ba00000| Untracked 
|  83|0x000000060bc00000, 0x000000060bc00000, 0x000000060be00000|  0%| F|  |TAMS 0x000000060bc00000, 0x000000060bc00000| Untracked 
|  84|0x000000060be00000, 0x000000060be00000, 0x000000060c000000|  0%| F|  |TAMS 0x000000060be00000, 0x000000060be00000| Untracked 
|  85|0x000000060c000000, 0x000000060c000000, 0x000000060c200000|  0%| F|  |TAMS 0x000000060c000000, 0x000000060c000000| Untracked 
|  86|0x000000060c200000, 0x000000060c200000, 0x000000060c400000|  0%| F|  |TAMS 0x000000060c200000, 0x000000060c200000| Untracked 
|  87|0x000000060c400000, 0x000000060c400000, 0x000000060c600000|  0%| F|  |TAMS 0x000000060c400000, 0x000000060c400000| Untracked 
|  88|0x000000060c600000, 0x000000060c600000, 0x000000060c800000|  0%| F|  |TAMS 0x000000060c600000, 0x000000060c600000| Untracked 
|  89|0x000000060c800000, 0x000000060c800000, 0x000000060ca00000|  0%| F|  |TAMS 0x000000060c800000, 0x000000060c800000| Untracked 
|  90|0x000000060ca00000, 0x000000060ca00000, 0x000000060cc00000|  0%| F|  |TAMS 0x000000060ca00000, 0x000000060ca00000| Untracked 
|  91|0x000000060cc00000, 0x000000060cc00000, 0x000000060ce00000|  0%| F|  |TAMS 0x000000060cc00000, 0x000000060cc00000| Untracked 
|  92|0x000000060ce00000, 0x000000060ce00000, 0x000000060d000000|  0%| F|  |TAMS 0x000000060ce00000, 0x000000060ce00000| Untracked 
|  93|0x000000060d000000, 0x000000060d000000, 0x000000060d200000|  0%| F|  |TAMS 0x000000060d000000, 0x000000060d000000| Untracked 
|  94|0x000000060d200000, 0x000000060d200000, 0x000000060d400000|  0%| F|  |TAMS 0x000000060d200000, 0x000000060d200000| Untracked 
|  95|0x000000060d400000, 0x000000060d400000, 0x000000060d600000|  0%| F|  |TAMS 0x000000060d400000, 0x000000060d400000| Untracked 
|  96|0x000000060d600000, 0x000000060d600000, 0x000000060d800000|  0%| F|  |TAMS 0x000000060d600000, 0x000000060d600000| Untracked 
|  97|0x000000060d800000, 0x000000060d800000, 0x000000060da00000|  0%| F|  |TAMS 0x000000060d800000, 0x000000060d800000| Untracked 
|  98|0x000000060da00000, 0x000000060da00000, 0x000000060dc00000|  0%| F|  |TAMS 0x000000060da00000, 0x000000060da00000| Untracked 
|  99|0x000000060dc00000, 0x000000060dc00000, 0x000000060de00000|  0%| F|  |TAMS 0x000000060dc00000, 0x000000060dc00000| Untracked 
| 100|0x000000060de00000, 0x000000060de00000, 0x000000060e000000|  0%| F|  |TAMS 0x000000060de00000, 0x000000060de00000| Untracked 
| 101|0x000000060e000000, 0x000000060e000000, 0x000000060e200000|  0%| F|  |TAMS 0x000000060e000000, 0x000000060e000000| Untracked 
| 102|0x000000060e200000, 0x000000060e200000, 0x000000060e400000|  0%| F|  |TAMS 0x000000060e200000, 0x000000060e200000| Untracked 
| 103|0x000000060e400000, 0x000000060e400000, 0x000000060e600000|  0%| F|  |TAMS 0x000000060e400000, 0x000000060e400000| Untracked 
| 104|0x000000060e600000, 0x000000060e600000, 0x000000060e800000|  0%| F|  |TAMS 0x000000060e600000, 0x000000060e600000| Untracked 
| 105|0x000000060e800000, 0x000000060e800000, 0x000000060ea00000|  0%| F|  |TAMS 0x000000060e800000, 0x000000060e800000| Untracked 
| 106|0x000000060ea00000, 0x000000060ea00000, 0x000000060ec00000|  0%| F|  |TAMS 0x000000060ea00000, 0x000000060ea00000| Untracked 
| 107|0x000000060ec00000, 0x000000060ec00000, 0x000000060ee00000|  0%| F|  |TAMS 0x000000060ec00000, 0x000000060ec00000| Untracked 
| 108|0x000000060ee00000, 0x000000060ee00000, 0x000000060f000000|  0%| F|  |TAMS 0x000000060ee00000, 0x000000060ee00000| Untracked 
| 109|0x000000060f000000, 0x000000060f000000, 0x000000060f200000|  0%| F|  |TAMS 0x000000060f000000, 0x000000060f000000| Untracked 
| 110|0x000000060f200000, 0x000000060f200000, 0x000000060f400000|  0%| F|  |TAMS 0x000000060f200000, 0x000000060f200000| Untracked 
| 111|0x000000060f400000, 0x000000060f400000, 0x000000060f600000|  0%| F|  |TAMS 0x000000060f400000, 0x000000060f400000| Untracked 
| 112|0x000000060f600000, 0x000000060f600000, 0x000000060f800000|  0%| F|  |TAMS 0x000000060f600000, 0x000000060f600000| Untracked 
| 113|0x000000060f800000, 0x000000060f800000, 0x000000060fa00000|  0%| F|  |TAMS 0x000000060f800000, 0x000000060f800000| Untracked 
| 114|0x000000060fa00000, 0x000000060fa00000, 0x000000060fc00000|  0%| F|  |TAMS 0x000000060fa00000, 0x000000060fa00000| Untracked 
| 115|0x000000060fc00000, 0x000000060fc00000, 0x000000060fe00000|  0%| F|  |TAMS 0x000000060fc00000, 0x000000060fc00000| Untracked 
| 116|0x000000060fe00000, 0x000000060fe00000, 0x0000000610000000|  0%| F|  |TAMS 0x000000060fe00000, 0x000000060fe00000| Untracked 
| 117|0x0000000610000000, 0x0000000610000000, 0x0000000610200000|  0%| F|  |TAMS 0x0000000610000000, 0x0000000610000000| Untracked 
| 118|0x0000000610200000, 0x0000000610200000, 0x0000000610400000|  0%| F|  |TAMS 0x0000000610200000, 0x0000000610200000| Untracked 
| 119|0x0000000610400000, 0x0000000610400000, 0x0000000610600000|  0%| F|  |TAMS 0x0000000610400000, 0x0000000610400000| Untracked 
| 120|0x0000000610600000, 0x0000000610600000, 0x0000000610800000|  0%| F|  |TAMS 0x0000000610600000, 0x0000000610600000| Untracked 
| 121|0x0000000610800000, 0x0000000610800000, 0x0000000610a00000|  0%| F|  |TAMS 0x0000000610800000, 0x0000000610800000| Untracked 
| 122|0x0000000610a00000, 0x0000000610a00000, 0x0000000610c00000|  0%| F|  |TAMS 0x0000000610a00000, 0x0000000610a00000| Untracked 
| 123|0x0000000610c00000, 0x0000000610c00000, 0x0000000610e00000|  0%| F|  |TAMS 0x0000000610c00000, 0x0000000610c00000| Untracked 
| 124|0x0000000610e00000, 0x0000000610e00000, 0x0000000611000000|  0%| F|  |TAMS 0x0000000610e00000, 0x0000000610e00000| Untracked 
| 125|0x0000000611000000, 0x0000000611000000, 0x0000000611200000|  0%| F|  |TAMS 0x0000000611000000, 0x0000000611000000| Untracked 
| 126|0x0000000611200000, 0x0000000611200000, 0x0000000611400000|  0%| F|  |TAMS 0x0000000611200000, 0x0000000611200000| Untracked 
| 127|0x0000000611400000, 0x0000000611400000, 0x0000000611600000|  0%| F|  |TAMS 0x0000000611400000, 0x0000000611400000| Untracked 
| 128|0x0000000611600000, 0x0000000611600000, 0x0000000611800000|  0%| F|  |TAMS 0x0000000611600000, 0x0000000611600000| Untracked 
| 129|0x0000000611800000, 0x0000000611800000, 0x0000000611a00000|  0%| F|  |TAMS 0x0000000611800000, 0x0000000611800000| Untracked 
| 130|0x0000000611a00000, 0x0000000611a00000, 0x0000000611c00000|  0%| F|  |TAMS 0x0000000611a00000, 0x0000000611a00000| Untracked 
| 131|0x0000000611c00000, 0x0000000611c00000, 0x0000000611e00000|  0%| F|  |TAMS 0x0000000611c00000, 0x0000000611c00000| Untracked 
| 132|0x0000000611e00000, 0x0000000611e00000, 0x0000000612000000|  0%| F|  |TAMS 0x0000000611e00000, 0x0000000611e00000| Untracked 
| 133|0x0000000612000000, 0x0000000612000000, 0x0000000612200000|  0%| F|  |TAMS 0x0000000612000000, 0x0000000612000000| Untracked 
| 134|0x0000000612200000, 0x0000000612200000, 0x0000000612400000|  0%| F|  |TAMS 0x0000000612200000, 0x0000000612200000| Untracked 
| 135|0x0000000612400000, 0x0000000612400000, 0x0000000612600000|  0%| F|  |TAMS 0x0000000612400000, 0x0000000612400000| Untracked 
| 136|0x0000000612600000, 0x0000000612600000, 0x0000000612800000|  0%| F|  |TAMS 0x0000000612600000, 0x0000000612600000| Untracked 
| 137|0x0000000612800000, 0x0000000612800000, 0x0000000612a00000|  0%| F|  |TAMS 0x0000000612800000, 0x0000000612800000| Untracked 
| 138|0x0000000612a00000, 0x0000000612a00000, 0x0000000612c00000|  0%| F|  |TAMS 0x0000000612a00000, 0x0000000612a00000| Untracked 
| 139|0x0000000612c00000, 0x0000000612c00000, 0x0000000612e00000|  0%| F|  |TAMS 0x0000000612c00000, 0x0000000612c00000| Untracked 
| 140|0x0000000612e00000, 0x0000000612e00000, 0x0000000613000000|  0%| F|  |TAMS 0x0000000612e00000, 0x0000000612e00000| Untracked 
| 141|0x0000000613000000, 0x0000000613000000, 0x0000000613200000|  0%| F|  |TAMS 0x0000000613000000, 0x0000000613000000| Untracked 
| 142|0x0000000613200000, 0x0000000613200000, 0x0000000613400000|  0%| F|  |TAMS 0x0000000613200000, 0x0000000613200000| Untracked 
| 143|0x0000000613400000, 0x0000000613400000, 0x0000000613600000|  0%| F|  |TAMS 0x0000000613400000, 0x0000000613400000| Untracked 
| 144|0x0000000613600000, 0x0000000613600000, 0x0000000613800000|  0%| F|  |TAMS 0x0000000613600000, 0x0000000613600000| Untracked 
| 145|0x0000000613800000, 0x0000000613800000, 0x0000000613a00000|  0%| F|  |TAMS 0x0000000613800000, 0x0000000613800000| Untracked 
| 146|0x0000000613a00000, 0x0000000613a00000, 0x0000000613c00000|  0%| F|  |TAMS 0x0000000613a00000, 0x0000000613a00000| Untracked 
| 147|0x0000000613c00000, 0x0000000613c00000, 0x0000000613e00000|  0%| F|  |TAMS 0x0000000613c00000, 0x0000000613c00000| Untracked 
| 148|0x0000000613e00000, 0x0000000613e00000, 0x0000000614000000|  0%| F|  |TAMS 0x0000000613e00000, 0x0000000613e00000| Untracked 
| 149|0x0000000614000000, 0x0000000614000000, 0x0000000614200000|  0%| F|  |TAMS 0x0000000614000000, 0x0000000614000000| Untracked 
| 150|0x0000000614200000, 0x0000000614200000, 0x0000000614400000|  0%| F|  |TAMS 0x0000000614200000, 0x0000000614200000| Untracked 
| 151|0x0000000614400000, 0x0000000614400000, 0x0000000614600000|  0%| F|  |TAMS 0x0000000614400000, 0x0000000614400000| Untracked 
| 152|0x0000000614600000, 0x0000000614600000, 0x0000000614800000|  0%| F|  |TAMS 0x0000000614600000, 0x0000000614600000| Untracked 
| 153|0x0000000614800000, 0x0000000614800000, 0x0000000614a00000|  0%| F|  |TAMS 0x0000000614800000, 0x0000000614800000| Untracked 
| 154|0x0000000614a00000, 0x0000000614a00000, 0x0000000614c00000|  0%| F|  |TAMS 0x0000000614a00000, 0x0000000614a00000| Untracked 
| 155|0x0000000614c00000, 0x0000000614c00000, 0x0000000614e00000|  0%| F|  |TAMS 0x0000000614c00000, 0x0000000614c00000| Untracked 
| 156|0x0000000614e00000, 0x0000000614e00000, 0x0000000615000000|  0%| F|  |TAMS 0x0000000614e00000, 0x0000000614e00000| Untracked 
| 157|0x0000000615000000, 0x0000000615000000, 0x0000000615200000|  0%| F|  |TAMS 0x0000000615000000, 0x0000000615000000| Untracked 
| 158|0x0000000615200000, 0x0000000615200000, 0x0000000615400000|  0%| F|  |TAMS 0x0000000615200000, 0x0000000615200000| Untracked 
| 159|0x0000000615400000, 0x0000000615400000, 0x0000000615600000|  0%| F|  |TAMS 0x0000000615400000, 0x0000000615400000| Untracked 
| 160|0x0000000615600000, 0x0000000615600000, 0x0000000615800000|  0%| F|  |TAMS 0x0000000615600000, 0x0000000615600000| Untracked 
| 161|0x0000000615800000, 0x0000000615800000, 0x0000000615a00000|  0%| F|  |TAMS 0x0000000615800000, 0x0000000615800000| Untracked 
| 162|0x0000000615a00000, 0x0000000615a00000, 0x0000000615c00000|  0%| F|  |TAMS 0x0000000615a00000, 0x0000000615a00000| Untracked 
| 163|0x0000000615c00000, 0x0000000615c00000, 0x0000000615e00000|  0%| F|  |TAMS 0x0000000615c00000, 0x0000000615c00000| Untracked 
| 164|0x0000000615e00000, 0x0000000615e00000, 0x0000000616000000|  0%| F|  |TAMS 0x0000000615e00000, 0x0000000615e00000| Untracked 
| 165|0x0000000616000000, 0x0000000616000000, 0x0000000616200000|  0%| F|  |TAMS 0x0000000616000000, 0x0000000616000000| Untracked 
| 166|0x0000000616200000, 0x0000000616200000, 0x0000000616400000|  0%| F|  |TAMS 0x0000000616200000, 0x0000000616200000| Untracked 
| 167|0x0000000616400000, 0x0000000616400000, 0x0000000616600000|  0%| F|  |TAMS 0x0000000616400000, 0x0000000616400000| Untracked 
| 168|0x0000000616600000, 0x0000000616600000, 0x0000000616800000|  0%| F|  |TAMS 0x0000000616600000, 0x0000000616600000| Untracked 
| 169|0x0000000616800000, 0x0000000616800000, 0x0000000616a00000|  0%| F|  |TAMS 0x0000000616800000, 0x0000000616800000| Untracked 
| 170|0x0000000616a00000, 0x0000000616a00000, 0x0000000616c00000|  0%| F|  |TAMS 0x0000000616a00000, 0x0000000616a00000| Untracked 
| 171|0x0000000616c00000, 0x0000000616c00000, 0x0000000616e00000|  0%| F|  |TAMS 0x0000000616c00000, 0x0000000616c00000| Untracked 
| 172|0x0000000616e00000, 0x0000000616e00000, 0x0000000617000000|  0%| F|  |TAMS 0x0000000616e00000, 0x0000000616e00000| Untracked 
| 173|0x0000000617000000, 0x0000000617000000, 0x0000000617200000|  0%| F|  |TAMS 0x0000000617000000, 0x0000000617000000| Untracked 
| 174|0x0000000617200000, 0x0000000617200000, 0x0000000617400000|  0%| F|  |TAMS 0x0000000617200000, 0x0000000617200000| Untracked 
| 175|0x0000000617400000, 0x0000000617400000, 0x0000000617600000|  0%| F|  |TAMS 0x0000000617400000, 0x0000000617400000| Untracked 
| 176|0x0000000617600000, 0x0000000617600000, 0x0000000617800000|  0%| F|  |TAMS 0x0000000617600000, 0x0000000617600000| Untracked 
| 177|0x0000000617800000, 0x0000000617800000, 0x0000000617a00000|  0%| F|  |TAMS 0x0000000617800000, 0x0000000617800000| Untracked 
| 178|0x0000000617a00000, 0x0000000617a00000, 0x0000000617c00000|  0%| F|  |TAMS 0x0000000617a00000, 0x0000000617a00000| Untracked 
| 179|0x0000000617c00000, 0x0000000617c00000, 0x0000000617e00000|  0%| F|  |TAMS 0x0000000617c00000, 0x0000000617c00000| Untracked 
| 180|0x0000000617e00000, 0x0000000617e00000, 0x0000000618000000|  0%| F|  |TAMS 0x0000000617e00000, 0x0000000617e00000| Untracked 
| 181|0x0000000618000000, 0x0000000618000000, 0x0000000618200000|  0%| F|  |TAMS 0x0000000618000000, 0x0000000618000000| Untracked 
| 182|0x0000000618200000, 0x0000000618200000, 0x0000000618400000|  0%| F|  |TAMS 0x0000000618200000, 0x0000000618200000| Untracked 
| 183|0x0000000618400000, 0x0000000618400000, 0x0000000618600000|  0%| F|  |TAMS 0x0000000618400000, 0x0000000618400000| Untracked 
| 184|0x0000000618600000, 0x0000000618600000, 0x0000000618800000|  0%| F|  |TAMS 0x0000000618600000, 0x0000000618600000| Untracked 
| 185|0x0000000618800000, 0x0000000618800000, 0x0000000618a00000|  0%| F|  |TAMS 0x0000000618800000, 0x0000000618800000| Untracked 
| 186|0x0000000618a00000, 0x0000000618a00000, 0x0000000618c00000|  0%| F|  |TAMS 0x0000000618a00000, 0x0000000618a00000| Untracked 
| 187|0x0000000618c00000, 0x0000000618c00000, 0x0000000618e00000|  0%| F|  |TAMS 0x0000000618c00000, 0x0000000618c00000| Untracked 
| 188|0x0000000618e00000, 0x0000000618e00000, 0x0000000619000000|  0%| F|  |TAMS 0x0000000618e00000, 0x0000000618e00000| Untracked 
| 189|0x0000000619000000, 0x0000000619000000, 0x0000000619200000|  0%| F|  |TAMS 0x0000000619000000, 0x0000000619000000| Untracked 
| 190|0x0000000619200000, 0x0000000619200000, 0x0000000619400000|  0%| F|  |TAMS 0x0000000619200000, 0x0000000619200000| Untracked 
| 191|0x0000000619400000, 0x0000000619400000, 0x0000000619600000|  0%| F|  |TAMS 0x0000000619400000, 0x0000000619400000| Untracked 
| 192|0x0000000619600000, 0x0000000619600000, 0x0000000619800000|  0%| F|  |TAMS 0x0000000619600000, 0x0000000619600000| Untracked 
| 193|0x0000000619800000, 0x0000000619800000, 0x0000000619a00000|  0%| F|  |TAMS 0x0000000619800000, 0x0000000619800000| Untracked 
| 194|0x0000000619a00000, 0x0000000619a00000, 0x0000000619c00000|  0%| F|  |TAMS 0x0000000619a00000, 0x0000000619a00000| Untracked 
| 195|0x0000000619c00000, 0x0000000619c00000, 0x0000000619e00000|  0%| F|  |TAMS 0x0000000619c00000, 0x0000000619c00000| Untracked 
| 196|0x0000000619e00000, 0x0000000619e00000, 0x000000061a000000|  0%| F|  |TAMS 0x0000000619e00000, 0x0000000619e00000| Untracked 
| 197|0x000000061a000000, 0x000000061a000000, 0x000000061a200000|  0%| F|  |TAMS 0x000000061a000000, 0x000000061a000000| Untracked 
| 198|0x000000061a200000, 0x000000061a200000, 0x000000061a400000|  0%| F|  |TAMS 0x000000061a200000, 0x000000061a200000| Untracked 
| 199|0x000000061a400000, 0x000000061a400000, 0x000000061a600000|  0%| F|  |TAMS 0x000000061a400000, 0x000000061a400000| Untracked 
| 200|0x000000061a600000, 0x000000061a600000, 0x000000061a800000|  0%| F|  |TAMS 0x000000061a600000, 0x000000061a600000| Untracked 
| 201|0x000000061a800000, 0x000000061a800000, 0x000000061aa00000|  0%| F|  |TAMS 0x000000061a800000, 0x000000061a800000| Untracked 
| 202|0x000000061aa00000, 0x000000061aa00000, 0x000000061ac00000|  0%| F|  |TAMS 0x000000061aa00000, 0x000000061aa00000| Untracked 
| 203|0x000000061ac00000, 0x000000061ac00000, 0x000000061ae00000|  0%| F|  |TAMS 0x000000061ac00000, 0x000000061ac00000| Untracked 
| 204|0x000000061ae00000, 0x000000061ae00000, 0x000000061b000000|  0%| F|  |TAMS 0x000000061ae00000, 0x000000061ae00000| Untracked 
| 205|0x000000061b000000, 0x000000061b000000, 0x000000061b200000|  0%| F|  |TAMS 0x000000061b000000, 0x000000061b000000| Untracked 
| 206|0x000000061b200000, 0x000000061b200000, 0x000000061b400000|  0%| F|  |TAMS 0x000000061b200000, 0x000000061b200000| Untracked 
| 207|0x000000061b400000, 0x000000061b400000, 0x000000061b600000|  0%| F|  |TAMS 0x000000061b400000, 0x000000061b400000| Untracked 
| 208|0x000000061b600000, 0x000000061b600000, 0x000000061b800000|  0%| F|  |TAMS 0x000000061b600000, 0x000000061b600000| Untracked 
| 209|0x000000061b800000, 0x000000061b800000, 0x000000061ba00000|  0%| F|  |TAMS 0x000000061b800000, 0x000000061b800000| Untracked 
| 210|0x000000061ba00000, 0x000000061ba00000, 0x000000061bc00000|  0%| F|  |TAMS 0x000000061ba00000, 0x000000061ba00000| Untracked 
| 211|0x000000061bc00000, 0x000000061bc00000, 0x000000061be00000|  0%| F|  |TAMS 0x000000061bc00000, 0x000000061bc00000| Untracked 
| 212|0x000000061be00000, 0x000000061be00000, 0x000000061c000000|  0%| F|  |TAMS 0x000000061be00000, 0x000000061be00000| Untracked 
| 213|0x000000061c000000, 0x000000061c000000, 0x000000061c200000|  0%| F|  |TAMS 0x000000061c000000, 0x000000061c000000| Untracked 
| 214|0x000000061c200000, 0x000000061c200000, 0x000000061c400000|  0%| F|  |TAMS 0x000000061c200000, 0x000000061c200000| Untracked 
| 215|0x000000061c400000, 0x000000061c400000, 0x000000061c600000|  0%| F|  |TAMS 0x000000061c400000, 0x000000061c400000| Untracked 
| 216|0x000000061c600000, 0x000000061c600000, 0x000000061c800000|  0%| F|  |TAMS 0x000000061c600000, 0x000000061c600000| Untracked 
| 217|0x000000061c800000, 0x000000061c800000, 0x000000061ca00000|  0%| F|  |TAMS 0x000000061c800000, 0x000000061c800000| Untracked 
| 218|0x000000061ca00000, 0x000000061ca00000, 0x000000061cc00000|  0%| F|  |TAMS 0x000000061ca00000, 0x000000061ca00000| Untracked 
| 219|0x000000061cc00000, 0x000000061cc00000, 0x000000061ce00000|  0%| F|  |TAMS 0x000000061cc00000, 0x000000061cc00000| Untracked 
| 220|0x000000061ce00000, 0x000000061ce00000, 0x000000061d000000|  0%| F|  |TAMS 0x000000061ce00000, 0x000000061ce00000| Untracked 
| 221|0x000000061d000000, 0x000000061d000000, 0x000000061d200000|  0%| F|  |TAMS 0x000000061d000000, 0x000000061d000000| Untracked 
| 222|0x000000061d200000, 0x000000061d200000, 0x000000061d400000|  0%| F|  |TAMS 0x000000061d200000, 0x000000061d200000| Untracked 
| 223|0x000000061d400000, 0x000000061d400000, 0x000000061d600000|  0%| F|  |TAMS 0x000000061d400000, 0x000000061d400000| Untracked 
| 224|0x000000061d600000, 0x000000061d600000, 0x000000061d800000|  0%| F|  |TAMS 0x000000061d600000, 0x000000061d600000| Untracked 
| 225|0x000000061d800000, 0x000000061d800000, 0x000000061da00000|  0%| F|  |TAMS 0x000000061d800000, 0x000000061d800000| Untracked 
| 226|0x000000061da00000, 0x000000061da00000, 0x000000061dc00000|  0%| F|  |TAMS 0x000000061da00000, 0x000000061da00000| Untracked 
| 227|0x000000061dc00000, 0x000000061dc00000, 0x000000061de00000|  0%| F|  |TAMS 0x000000061dc00000, 0x000000061dc00000| Untracked 
| 228|0x000000061de00000, 0x000000061de00000, 0x000000061e000000|  0%| F|  |TAMS 0x000000061de00000, 0x000000061de00000| Untracked 
| 229|0x000000061e000000, 0x000000061e000000, 0x000000061e200000|  0%| F|  |TAMS 0x000000061e000000, 0x000000061e000000| Untracked 
| 230|0x000000061e200000, 0x000000061e200000, 0x000000061e400000|  0%| F|  |TAMS 0x000000061e200000, 0x000000061e200000| Untracked 
| 231|0x000000061e400000, 0x000000061e400000, 0x000000061e600000|  0%| F|  |TAMS 0x000000061e400000, 0x000000061e400000| Untracked 
| 232|0x000000061e600000, 0x000000061e600000, 0x000000061e800000|  0%| F|  |TAMS 0x000000061e600000, 0x000000061e600000| Untracked 
| 233|0x000000061e800000, 0x000000061e800000, 0x000000061ea00000|  0%| F|  |TAMS 0x000000061e800000, 0x000000061e800000| Untracked 
| 234|0x000000061ea00000, 0x000000061ea00000, 0x000000061ec00000|  0%| F|  |TAMS 0x000000061ea00000, 0x000000061ea00000| Untracked 
| 235|0x000000061ec00000, 0x000000061ec00000, 0x000000061ee00000|  0%| F|  |TAMS 0x000000061ec00000, 0x000000061ec00000| Untracked 
| 236|0x000000061ee00000, 0x000000061ee00000, 0x000000061f000000|  0%| F|  |TAMS 0x000000061ee00000, 0x000000061ee00000| Untracked 
| 237|0x000000061f000000, 0x000000061f000000, 0x000000061f200000|  0%| F|  |TAMS 0x000000061f000000, 0x000000061f000000| Untracked 
| 238|0x000000061f200000, 0x000000061f200000, 0x000000061f400000|  0%| F|  |TAMS 0x000000061f200000, 0x000000061f200000| Untracked 
| 239|0x000000061f400000, 0x000000061f400000, 0x000000061f600000|  0%| F|  |TAMS 0x000000061f400000, 0x000000061f400000| Untracked 
| 240|0x000000061f600000, 0x000000061f600000, 0x000000061f800000|  0%| F|  |TAMS 0x000000061f600000, 0x000000061f600000| Untracked 
| 241|0x000000061f800000, 0x000000061f800000, 0x000000061fa00000|  0%| F|  |TAMS 0x000000061f800000, 0x000000061f800000| Untracked 
| 242|0x000000061fa00000, 0x000000061fa940d8, 0x000000061fc00000| 28%| S|CS|TAMS 0x000000061fa00000, 0x000000061fa00000| Complete 
| 243|0x000000061fc00000, 0x000000061fe00000, 0x000000061fe00000|100%| S|CS|TAMS 0x000000061fc00000, 0x000000061fc00000| Complete 
| 244|0x000000061fe00000, 0x000000061fe00000, 0x0000000620000000|  0%| F|  |TAMS 0x000000061fe00000, 0x000000061fe00000| Untracked 
| 245|0x0000000620000000, 0x0000000620000000, 0x0000000620200000|  0%| F|  |TAMS 0x0000000620000000, 0x0000000620000000| Untracked 
| 246|0x0000000620200000, 0x0000000620300800, 0x0000000620400000| 50%| E|  |TAMS 0x0000000620200000, 0x0000000620200000| Complete 
| 247|0x0000000620400000, 0x0000000620600000, 0x0000000620600000|100%| E|CS|TAMS 0x0000000620400000, 0x0000000620400000| Complete 
| 248|0x0000000620600000, 0x0000000620800000, 0x0000000620800000|100%| E|CS|TAMS 0x0000000620600000, 0x0000000620600000| Complete 
| 249|0x0000000620800000, 0x0000000620a00000, 0x0000000620a00000|100%| E|CS|TAMS 0x0000000620800000, 0x0000000620800000| Complete 
| 250|0x0000000620a00000, 0x0000000620c00000, 0x0000000620c00000|100%| E|CS|TAMS 0x0000000620a00000, 0x0000000620a00000| Complete 
| 251|0x0000000620c00000, 0x0000000620e00000, 0x0000000620e00000|100%| E|CS|TAMS 0x0000000620c00000, 0x0000000620c00000| Complete 
| 252|0x0000000620e00000, 0x0000000621000000, 0x0000000621000000|100%| E|CS|TAMS 0x0000000620e00000, 0x0000000620e00000| Complete 
| 253|0x0000000621000000, 0x0000000621200000, 0x0000000621200000|100%| E|CS|TAMS 0x0000000621000000, 0x0000000621000000| Complete 
| 254|0x0000000621200000, 0x0000000621400000, 0x0000000621400000|100%| E|CS|TAMS 0x0000000621200000, 0x0000000621200000| Complete 
| 255|0x0000000621400000, 0x0000000621600000, 0x0000000621600000|100%| E|CS|TAMS 0x0000000621400000, 0x0000000621400000| Complete 

Card table byte_map: [0x000002bd4b570000,0x000002bd4c570000] _byte_map_base: 0x000002bd48565000

Marking Bits (Prev, Next): (CMBitMap*) 0x000002bd321a48e8, (CMBitMap*) 0x000002bd321a4920
 Prev Bits: [0x000002bd4d570000, 0x000002bd55518000)
 Next Bits: [0x000002bd55520000, 0x000002bd5d4c8000)

Polling page: 0x000002bd300b0000

Metaspace:

Usage:
  Non-class:     12.73 MB capacity,    12.40 MB ( 97%) used,   283.24 KB (  2%) free+waste,    47.88 KB ( <1%) overhead. 
      Class:      1.56 MB capacity,     1.37 MB ( 88%) used,   163.99 KB ( 10%) free+waste,    22.81 KB (  1%) overhead. 
       Both:     14.28 MB capacity,    13.78 MB ( 96%) used,   447.23 KB (  3%) free+waste,    70.69 KB ( <1%) overhead. 

Virtual space:
  Non-class space:       14.00 MB reserved,      12.75 MB ( 91%) committed 
      Class space:        1.00 GB reserved,       1.63 MB ( <1%) committed 
             Both:        1.01 GB reserved,      14.38 MB (  1%) committed 

Chunk freelists:
   Non-Class:  23.00 KB
       Class:  7.00 KB
        Both:  30.00 KB

MaxMetaspaceSize: 17179869184.00 GB
CompressedClassSpaceSize: 1.00 GB

CodeHeap 'non-profiled nmethods': size=119168Kb used=517Kb max_used=517Kb free=118650Kb
 bounds [0x000002bd42330000, 0x000002bd425a0000, 0x000002bd49790000]
CodeHeap 'profiled nmethods': size=119168Kb used=3722Kb max_used=3722Kb free=115445Kb
 bounds [0x000002bd3aed0000, 0x000002bd3b280000, 0x000002bd42330000]
CodeHeap 'non-nmethods': size=7424Kb used=1173Kb max_used=2323Kb free=6250Kb
 bounds [0x000002bd3a790000, 0x000002bd3aa00000, 0x000002bd3aed0000]
 total_blobs=1982 nmethods=1586 adapters=316
 compilation: enabled
              stopped_count=0, restarted_count=0
 full_count=0

Compilation events (20 events):
Event: 0.548 Thread 0x000002bd60dd2000 1579       3       java.lang.StringUTF16::getChar (60 bytes)
Event: 0.548 Thread 0x000002bd60fa5000 1577       3       java.util.regex.Pattern::isSupplementary (20 bytes)
Event: 0.548 Thread 0x000002bd60fa2800 1578       3       java.lang.Character::isSurrogate (18 bytes)
Event: 0.548 Thread 0x000002bd60dd2000 nmethod 1579 0x000002bd3b270590 code [0x000002bd3b270740, 0x000002bd3b270898]
Event: 0.548 Thread 0x000002bd60fa2800 nmethod 1578 0x000002bd3b270990 code [0x000002bd3b270b40, 0x000002bd3b270cb8]
Event: 0.548 Thread 0x000002bd60fa5000 nmethod 1577 0x000002bd3b270d90 code [0x000002bd3b270f40, 0x000002bd3b2711b8]
Event: 0.549 Thread 0x000002bd61003000 1580       4       java.lang.StringUTF16::getChar (60 bytes)
Event: 0.549 Thread 0x000002bd61003000 nmethod 1580 0x000002bd423b0590 code [0x000002bd423b0720, 0x000002bd423b07f8]
Event: 0.550 Thread 0x000002bd60e1f800 1581       4       jdk.internal.org.objectweb.asm.ByteVector::put12 (64 bytes)
Event: 0.554 Thread 0x000002bd60e1f800 nmethod 1581 0x000002bd423b0910 code [0x000002bd423b0ac0, 0x000002bd423b1198]
Event: 0.557 Thread 0x000002bd60dd2000 1582       1       sun.util.locale.BaseLocale::getLanguage (5 bytes)
Event: 0.557 Thread 0x000002bd60fa2800 1583       3       java.lang.CharacterData::of (120 bytes)
Event: 0.557 Thread 0x000002bd60dd2000 nmethod 1582 0x000002bd423b1390 code [0x000002bd423b1540, 0x000002bd423b15f8]
Event: 0.557 Thread 0x000002bd60fa2800 nmethod 1583 0x000002bd3b271290 code [0x000002bd3b2714a0, 0x000002bd3b271bb8]
Event: 0.557 Thread 0x000002bd60fa5000 1584       3       java.util.stream.ReferencePipeline$StatelessOp::<init> (29 bytes)
Event: 0.557 Thread 0x000002bd60dd2000 1585       3       java.util.stream.Sink$ChainedReference::end (10 bytes)
Event: 0.557 Thread 0x000002bd60fa5000 nmethod 1584 0x000002bd3b271d90 code [0x000002bd3b271f60, 0x000002bd3b272128]
Event: 0.557 Thread 0x000002bd60dd2000 nmethod 1585 0x000002bd3b272210 code [0x000002bd3b2723c0, 0x000002bd3b272588]
Event: 0.558 Thread 0x000002bd60fa2800 1586       3       java.lang.invoke.LambdaFormEditor$Transform::bval (26 bytes)
Event: 0.558 Thread 0x000002bd60fa2800 nmethod 1586 0x000002bd3b272690 code [0x000002bd3b272840, 0x000002bd3b272938]

GC Heap History (2 events):
Event: 0.404 GC heap before
{Heap before GC invocations=0 (full 0):
 garbage-first heap   total 524288K, used 24576K [0x0000000601600000, 0x0000000800000000)
  region size 2048K, 12 young (24576K), 0 survivors (0K)
 Metaspace       used 11918K, capacity 12172K, committed 12288K, reserved 1060864K
  class space    used 1101K, capacity 1181K, committed 1280K, reserved 1048576K
}
Event: 0.407 GC heap after
{Heap after GC invocations=1 (full 0):
 garbage-first heap   total 524288K, used 2640K [0x0000000601600000, 0x0000000800000000)
  region size 2048K, 2 young (4096K), 2 survivors (4096K)
 Metaspace       used 11918K, capacity 12172K, committed 12288K, reserved 1060864K
  class space    used 1101K, capacity 1181K, committed 1280K, reserved 1048576K
}

Deoptimization events (20 events):
Event: 0.547 Thread 0x000002bd3211e000 Uncommon trap: trap_request=0xffffff4d fr.pc=0x000002bd4236683c relative=0x00000000000007dc
Event: 0.547 Thread 0x000002bd3211e000 Uncommon trap: reason=unstable_if action=reinterpret pc=0x000002bd4236683c method=org.eclipse.jdt.launching.internal.org.objectweb.asm.ClassReader.readUtf(II[C)Ljava/lang/String; @ 41 c2
Event: 0.547 Thread 0x000002bd3211e000 DEOPT PACKING pc=0x000002bd4236683c sp=0x000000fe53ffa420
Event: 0.547 Thread 0x000002bd3211e000 DEOPT UNPACKING pc=0x000002bd3a7cbe2f sp=0x000000fe53ffa3a8 mode 2
Event: 0.547 Thread 0x000002bd3211e000 Uncommon trap: trap_request=0xffffff4d fr.pc=0x000002bd423389c0 relative=0x0000000000000220
Event: 0.547 Thread 0x000002bd3211e000 Uncommon trap: reason=unstable_if action=reinterpret pc=0x000002bd423389c0 method=java.lang.String.isLatin1()Z @ 10 c2
Event: 0.547 Thread 0x000002bd3211e000 DEOPT PACKING pc=0x000002bd423389c0 sp=0x000000fe53ffa4d0
Event: 0.547 Thread 0x000002bd3211e000 DEOPT UNPACKING pc=0x000002bd3a7cbe2f sp=0x000000fe53ffa408 mode 2
Event: 0.547 Thread 0x000002bd3211e000 Uncommon trap: trap_request=0xffffff4d fr.pc=0x000002bd42358648 relative=0x0000000000000468
Event: 0.547 Thread 0x000002bd3211e000 Uncommon trap: reason=unstable_if action=reinterpret pc=0x000002bd42358648 method=org.eclipse.jdt.launching.internal.org.objectweb.asm.ClassReader.readUtf(II[C)Ljava/lang/String; @ 41 c2
Event: 0.547 Thread 0x000002bd3211e000 DEOPT PACKING pc=0x000002bd42358648 sp=0x000000fe53ffa3d0
Event: 0.547 Thread 0x000002bd3211e000 DEOPT UNPACKING pc=0x000002bd3a7cbe2f sp=0x000000fe53ffa398 mode 2
Event: 0.547 Thread 0x000002bd3211e000 Uncommon trap: trap_request=0xffffff4d fr.pc=0x000002bd4233507c relative=0x000000000000005c
Event: 0.547 Thread 0x000002bd3211e000 Uncommon trap: reason=unstable_if action=reinterpret pc=0x000002bd4233507c method=java.lang.String.isLatin1()Z @ 10 c2
Event: 0.547 Thread 0x000002bd3211e000 DEOPT PACKING pc=0x000002bd4233507c sp=0x000000fe53ffa460
Event: 0.547 Thread 0x000002bd3211e000 DEOPT UNPACKING pc=0x000002bd3a7cbe2f sp=0x000000fe53ffa400 mode 2
Event: 0.548 Thread 0x000002bd3211e000 Uncommon trap: trap_request=0xffffff4d fr.pc=0x000002bd42342de4 relative=0x0000000000000044
Event: 0.548 Thread 0x000002bd3211e000 Uncommon trap: reason=unstable_if action=reinterpret pc=0x000002bd42342de4 method=java.lang.CharacterData.of(I)Ljava/lang/CharacterData; @ 4 c2
Event: 0.548 Thread 0x000002bd3211e000 DEOPT PACKING pc=0x000002bd42342de4 sp=0x000000fe53ffbe70
Event: 0.548 Thread 0x000002bd3211e000 DEOPT UNPACKING pc=0x000002bd3a7cbe2f sp=0x000000fe53ffbe08 mode 2

Classes redefined (12 events):
Event: 114.084 Thread 0x000002bd60d88000 redefined class name=CS400Graph, count=1
Event: 114.091 Thread 0x000002bd60d88000 redefined class name=CS400Graph$Vertex, count=1
Event: 114.097 Thread 0x000002bd60d88000 redefined class name=CS400Graph$Edge, count=1
Event: 114.103 Thread 0x000002bd60d88000 redefined class name=CS400Graph$Path, count=1
Event: 286.620 Thread 0x000002bd60d88000 redefined class name=CS400Graph, count=2
Event: 286.628 Thread 0x000002bd60d88000 redefined class name=CS400Graph$Vertex, count=2
Event: 286.634 Thread 0x000002bd60d88000 redefined class name=CS400Graph$Edge, count=2
Event: 286.640 Thread 0x000002bd60d88000 redefined class name=CS400Graph$Path, count=2
Event: 313.137 Thread 0x000002bd60d88000 redefined class name=CS400Graph, count=3
Event: 313.143 Thread 0x000002bd60d88000 redefined class name=CS400Graph$Vertex, count=3
Event: 313.149 Thread 0x000002bd60d88000 redefined class name=CS400Graph$Edge, count=3
Event: 313.155 Thread 0x000002bd60d88000 redefined class name=CS400Graph$Path, count=3

Internal exceptions (20 events):
Event: 0.371 Thread 0x000002bd3211e000 Exception <a 'java/lang/NoSuchMethodError'{0x00000006200cc5a8}: 'void java.lang.invoke.DirectMethodHandle$Holder.invokeInterface(java.lang.Object, java.lang.Object)'> (0x00000006200cc5a8) thrown at [./src/hotspot/share/interpreter/linkResolver.cpp, line 773]
Event: 0.372 Thread 0x000002bd3211e000 Exception <a 'java/lang/IncompatibleClassChangeError'{0x00000006200cf4b0}: Found class java.lang.Object, but interface was expected> (0x00000006200cf4b0) thrown at [./src/hotspot/share/interpreter/linkResolver.cpp, line 839]
Event: 0.380 Thread 0x000002bd3211e000 Exception <a 'java/lang/NoSuchMethodError'{0x00000006201fea58}: 'int java.lang.invoke.DirectMethodHandle$Holder.invokeSpecialIFC(java.lang.Object, java.lang.Object, int)'> (0x00000006201fea58) thrown at [./src/hotspot/share/interpreter/linkResolver.cpp, line 773]
Event: 0.383 Thread 0x000002bd3211e000 Exception <a 'java/lang/NoSuchMethodError'{0x000000061fe58ca0}: 'java.lang.Object java.lang.invoke.DirectMethodHandle$Holder.invokeStaticInit(java.lang.Object, java.lang.Object, java.lang.Object)'> (0x000000061fe58ca0) thrown at [./src/hotspot/share/interpreter/linkResolver.cpp, line 773]
Event: 0.383 Thread 0x000002bd3211e000 Exception <a 'java/lang/NoSuchMethodError'{0x000000061fe5f8b8}: 'void java.lang.invoke.DirectMethodHandle$Holder.invokeStaticInit(java.lang.Object, java.lang.Object, java.lang.Object)'> (0x000000061fe5f8b8) thrown at [./src/hotspot/share/interpreter/linkResolver.cpp, line 773]
Event: 0.423 Thread 0x000002bd3211e000 Exception <a 'java/lang/NoSuchMethodError'{0x00000006212a3a68}: 'java.lang.Object java.lang.invoke.DirectMethodHandle$Holder.invokeSpecialIFC(java.lang.Object, java.lang.Object, java.lang.Object, java.lang.Object)'> (0x00000006212a3a68) thrown at [./src/hotspot/share/interpreter/linkResolver.cpp, line 773]
Event: 0.438 Thread 0x000002bd3211e000 Exception <a 'java/lang/NoSuchMethodError'{0x00000006213e6868}: 'java.lang.Object java.lang.invoke.Invokers$Holder.linkToTargetMethod(java.lang.Object, java.lang.Object, java.lang.Object, java.lang.Object, java.lang.Object, java.lang.Object)'> (0x00000006213e6868) thrown at [./src/hotspot/share/interpreter/linkResolver.cpp, line 773]
Event: 0.442 Thread 0x000002bd3211e000 Exception <a 'java/lang/IncompatibleClassChangeError'{0x000000062107d198}: Found class java.lang.Object, but interface was expected> (0x000000062107d198) thrown at [./src/hotspot/share/interpreter/linkResolver.cpp, line 839]
Event: 0.446 Thread 0x000002bd3211e000 Exception <a 'java/lang/IncompatibleClassChangeError'{0x00000006210c9328}: Found class java.lang.Object, but interface was expected> (0x00000006210c9328) thrown at [./src/hotspot/share/interpreter/linkResolver.cpp, line 839]
Event: 0.449 Thread 0x000002bd3211e000 Exception <a 'java/lang/NoSuchMethodError'{0x00000006210ff0c8}: 'void java.lang.invoke.DirectMethodHandle$Holder.invokeSpecial(java.lang.Object, java.lang.Object, java.lang.Object, java.lang.Object, java.lang.Object)'> (0x00000006210ff0c8) thrown at [./src/hotspot/share/interpreter/linkResolver.cpp, line 773]
Event: 0.484 Thread 0x000002bd3211e000 Exception <a 'java/lang/NoSuchMethodError'{0x0000000620a94ae8}: 'java.lang.Object java.lang.invoke.DirectMethodHandle$Holder.invokeVirtual(java.lang.Object, java.lang.Object, java.lang.Object)'> (0x0000000620a94ae8) thrown at [./src/hotspot/share/interpreter/linkResolver.cpp, line 773]
Event: 0.490 Thread 0x000002bd3211e000 Exception <a 'java/lang/NoSuchMethodError'{0x0000000620b17470}: 'void java.lang.invoke.DirectMethodHandle$Holder.invokeInterface(java.lang.Object, java.lang.Object, java.lang.Object, java.lang.Object)'> (0x0000000620b17470) thrown at [./src/hotspot/share/interpreter/linkResolver.cpp, line 773]
Event: 0.490 Thread 0x000002bd3211e000 Exception <a 'java/lang/IncompatibleClassChangeError'{0x0000000620b1a230}: Found class java.lang.Object, but interface was expected> (0x0000000620b1a230) thrown at [./src/hotspot/share/interpreter/linkResolver.cpp, line 839]
Event: 0.491 Thread 0x000002bd3211e000 Exception <a 'java/lang/NoSuchMethodError'{0x0000000620b3cec0}: 'void java.lang.invoke.DirectMethodHandle$Holder.invokeStatic(java.lang.Object, java.lang.Object, java.lang.Object, java.lang.Object)'> (0x0000000620b3cec0) thrown at [./src/hotspot/share/interpreter/linkResolver.cpp, line 773]
Event: 0.508 Thread 0x000002bd3211e000 Exception <a 'java/lang/NoSuchMethodError'{0x0000000620999970}: 'void java.lang.invoke.DirectMethodHandle$Holder.invokeSpecial(java.lang.Object, java.lang.Object)'> (0x0000000620999970) thrown at [./src/hotspot/share/interpreter/linkResolver.cpp, line 773]
Event: 0.520 Thread 0x000002bd3211e000 Exception <a 'java/lang/NoSuchMethodError'{0x0000000620740658}: 'int java.lang.invoke.DirectMethodHandle$Holder.invokeStaticInit(java.lang.Object, java.lang.Object, java.lang.Object)'> (0x0000000620740658) thrown at [./src/hotspot/share/interpreter/linkResolver.cpp, line 773]
Event: 0.532 Thread 0x000002bd3211e000 Exception <a 'java/lang/NoSuchMethodError'{0x0000000620432390}: 'int java.lang.invoke.DirectMethodHandle$Holder.invokeStaticInit(java.lang.Object, java.lang.Object)'> (0x0000000620432390) thrown at [./src/hotspot/share/interpreter/linkResolver.cpp, line 773]
Event: 0.538 Thread 0x000002bd3211e000 Exception <a 'java/lang/NoSuchMethodError'{0x00000006204a0fc0}: 'java.lang.Object java.lang.invoke.DirectMethodHandle$Holder.invokeInterface(java.lang.Object, java.lang.Object, java.lang.Object, java.lang.Object, java.lang.Object)'> (0x00000006204a0fc0) thrown at [./src/hotspot/share/interpreter/linkResolver.cpp, line 773]
Event: 0.538 Thread 0x000002bd3211e000 Exception <a 'java/lang/IncompatibleClassChangeError'{0x00000006204a4718}: Found class java.lang.Object, but interface was expected> (0x00000006204a4718) thrown at [./src/hotspot/share/interpreter/linkResolver.cpp, line 839]
Event: 0.544 Thread 0x000002bd3211e000 Exception <a 'java/lang/IncompatibleClassChangeError'{0x0000000620515ad8}: Found class java.lang.Object, but interface was expected> (0x0000000620515ad8) thrown at [./src/hotspot/share/interpreter/linkResolver.cpp, line 839]

Events (20 events):
Event: 290.176 Executing VM operation: GetOrSetLocal done
Event: 290.176 Executing VM operation: GetOrSetLocal
Event: 290.176 Executing VM operation: GetOrSetLocal done
Event: 313.128 Executing VM operation: RedefineClasses
Event: 313.156 Executing VM operation: RedefineClasses done
Event: 313.161 Executing VM operation: ChangeBreakpoints
Event: 313.161 Executing VM operation: ChangeBreakpoints done
Event: 313.162 Executing VM operation: GetFrameCount
Event: 313.162 Executing VM operation: GetFrameCount done
Event: 313.162 Executing VM operation: GetStackTrace
Event: 313.162 Executing VM operation: GetStackTrace done
Event: 313.312 Executing VM operation: GetFrameCount
Event: 313.313 Executing VM operation: GetFrameCount done
Event: 313.313 Executing VM operation: GetOwnedMonitorInfo
Event: 313.313 Executing VM operation: GetOwnedMonitorInfo done
Event: 313.313 Executing VM operation: GetCurrentContendedMonitor
Event: 313.313 Executing VM operation: GetCurrentContendedMonitor done
Event: 313.327 Executing VM operation: GetFrameLocation
Event: 313.327 Executing VM operation: GetFrameLocation done
Event: 313.327 Executing VM operation: GetOrSetLocal


Dynamic libraries:
0x00007ff6b87f0000 - 0x00007ff6b87fd000 	C:\Program Files\AdoptOpenJDK\jdk-11.0.8.10-hotspot\bin\javaw.exe
0x00007ff87fa70000 - 0x00007ff87fc65000 	C:\Windows\SYSTEM32\ntdll.dll
0x00007ff87df50000 - 0x00007ff87e00d000 	C:\Windows\System32\KERNEL32.DLL
0x00007ff87d3c0000 - 0x00007ff87d689000 	C:\Windows\System32\KERNELBASE.dll
0x00007ff87d200000 - 0x00007ff87d300000 	C:\Windows\System32\ucrtbase.dll
0x00007ff877950000 - 0x00007ff877965000 	C:\Program Files\AdoptOpenJDK\jdk-11.0.8.10-hotspot\bin\VCRUNTIME140.dll
0x00007ff877930000 - 0x00007ff877947000 	C:\Program Files\AdoptOpenJDK\jdk-11.0.8.10-hotspot\bin\jli.dll
0x00007ff87f7a0000 - 0x00007ff87f940000 	C:\Windows\System32\USER32.dll
0x00007ff87d330000 - 0x00007ff87d352000 	C:\Windows\System32\win32u.dll
0x00007ff870270000 - 0x00007ff87050a000 	C:\Windows\WinSxS\amd64_microsoft.windows.common-controls_6595b64144ccf1df_6.0.19041.844_none_ca00b6081b84eb1d\COMCTL32.dll
0x00007ff87dd30000 - 0x00007ff87dd5a000 	C:\Windows\System32\GDI32.dll
0x00007ff87dad0000 - 0x00007ff87db6e000 	C:\Windows\System32\msvcrt.dll
0x00007ff87d7e0000 - 0x00007ff87d8eb000 	C:\Windows\System32\gdi32full.dll
0x00007ff87d740000 - 0x00007ff87d7dd000 	C:\Windows\System32\msvcp_win.dll
0x00007ff87f3b0000 - 0x00007ff87f3e0000 	C:\Windows\System32\IMM32.DLL
0x00007ff85d160000 - 0x00007ff85d1fb000 	C:\Program Files\AdoptOpenJDK\jdk-11.0.8.10-hotspot\bin\msvcp140.dll
0x00007ff8014e0000 - 0x00007ff801f9d000 	C:\Program Files\AdoptOpenJDK\jdk-11.0.8.10-hotspot\bin\server\jvm.dll
0x00007ff87ea50000 - 0x00007ff87eafc000 	C:\Windows\System32\ADVAPI32.dll
0x00007ff87deb0000 - 0x00007ff87df4c000 	C:\Windows\System32\sechost.dll
0x00007ff87e240000 - 0x00007ff87e36b000 	C:\Windows\System32\RPCRT4.dll
0x00007ff87e960000 - 0x00007ff87e968000 	C:\Windows\System32\PSAPI.DLL
0x00007ff866f10000 - 0x00007ff866f19000 	C:\Windows\SYSTEM32\WSOCK32.dll
0x00007ff8742b0000 - 0x00007ff8742d7000 	C:\Windows\SYSTEM32\WINMM.dll
0x00007ff874cb0000 - 0x00007ff874cba000 	C:\Windows\SYSTEM32\VERSION.dll
0x00007ff87e170000 - 0x00007ff87e1db000 	C:\Windows\System32\WS2_32.dll
0x00007ff87b130000 - 0x00007ff87b142000 	C:\Windows\SYSTEM32\kernel.appcore.dll
0x00007ff876b60000 - 0x00007ff876b70000 	C:\Program Files\AdoptOpenJDK\jdk-11.0.8.10-hotspot\bin\verify.dll
0x00007ff875c50000 - 0x00007ff875e34000 	C:\Windows\SYSTEM32\DBGHELP.DLL
0x00007ff86f0b0000 - 0x00007ff86f0dc000 	C:\Windows\SYSTEM32\dbgcore.DLL
0x00007ff87da50000 - 0x00007ff87dad0000 	C:\Windows\System32\bcryptPrimitives.dll
0x00007ff864fa0000 - 0x00007ff864fc8000 	C:\Program Files\AdoptOpenJDK\jdk-11.0.8.10-hotspot\bin\java.dll
0x00007ff876b30000 - 0x00007ff876b3a000 	C:\Program Files\AdoptOpenJDK\jdk-11.0.8.10-hotspot\bin\jimage.dll
0x00007ff86b900000 - 0x00007ff86b938000 	C:\Program Files\AdoptOpenJDK\jdk-11.0.8.10-hotspot\bin\jdwp.dll
0x00007ff87a790000 - 0x00007ff87a79e000 	C:\Program Files\AdoptOpenJDK\jdk-11.0.8.10-hotspot\bin\instrument.dll
0x00007ff86eaa0000 - 0x00007ff86eab7000 	C:\Program Files\AdoptOpenJDK\jdk-11.0.8.10-hotspot\bin\zip.dll
0x00007ff87eb00000 - 0x00007ff87f242000 	C:\Windows\System32\SHELL32.dll
0x00007ff87b330000 - 0x00007ff87bac0000 	C:\Windows\SYSTEM32\windows.storage.dll
0x00007ff87f440000 - 0x00007ff87f795000 	C:\Windows\System32\combase.dll
0x00007ff87cc20000 - 0x00007ff87cc4c000 	C:\Windows\SYSTEM32\Wldp.dll
0x00007ff87f300000 - 0x00007ff87f3ae000 	C:\Windows\System32\SHCORE.dll
0x00007ff87f940000 - 0x00007ff87f995000 	C:\Windows\System32\shlwapi.dll
0x00007ff87d0f0000 - 0x00007ff87d10f000 	C:\Windows\SYSTEM32\profapi.dll
0x00007ff879e90000 - 0x00007ff879e9a000 	C:\Program Files\AdoptOpenJDK\jdk-11.0.8.10-hotspot\bin\dt_socket.dll
0x00007ff87c9a0000 - 0x00007ff87ca0a000 	C:\Windows\System32\mswsock.dll
0x00007ff87c680000 - 0x00007ff87c74b000 	C:\Windows\SYSTEM32\DNSAPI.dll
0x00007ff87c640000 - 0x00007ff87c67b000 	C:\Windows\SYSTEM32\IPHLPAPI.DLL
0x00007ff87dd20000 - 0x00007ff87dd28000 	C:\Windows\System32\NSI.dll
0x00007ff8708a0000 - 0x00007ff87091f000 	C:\Windows\System32\fwpuclnt.dll
0x00007ff87d300000 - 0x00007ff87d327000 	C:\Windows\System32\bcrypt.dll
0x00007ff874650000 - 0x00007ff87465a000 	C:\Windows\System32\rasadhlp.dll
0x00007ff8650a0000 - 0x00007ff8650b9000 	C:\Program Files\AdoptOpenJDK\jdk-11.0.8.10-hotspot\bin\net.dll
0x00007ff870a20000 - 0x00007ff870b2c000 	C:\Windows\SYSTEM32\WINHTTP.dll
0x00007ff8585e0000 - 0x00007ff8585f2000 	C:\Program Files\AdoptOpenJDK\jdk-11.0.8.10-hotspot\bin\nio.dll

dbghelp: loaded successfully - version: 4.0.5 - missing functions: none
symbol engine: initialized successfully - sym options: 0x614 - pdb path: .;C:\Program Files\AdoptOpenJDK\jdk-11.0.8.10-hotspot\bin;C:\Windows\SYSTEM32;C:\Windows\WinSxS\amd64_microsoft.windows.common-controls_6595b64144ccf1df_6.0.19041.844_none_ca00b6081b84eb1d;C:\Program Files\AdoptOpenJDK\jdk-11.0.8.10-hotspot\bin\server

VM Arguments:
jvm_args: -agentlib:jdwp=transport=dt_socket,suspend=y,address=localhost:65420 -ea -javaagent:C:\Users\casey\eclipse\java-2020-06\eclipse\configuration\org.eclipse.osgi\222\0\.cp\lib\javaagent-shaded.jar -Dfile.encoding=Cp1252 
java_command: org.eclipse.jdt.internal.junit.runner.RemoteTestRunner -version 3 -port 65419 -testLoaderClass org.eclipse.jdt.internal.junit5.runner.JUnit5TestLoader -loaderpluginname org.eclipse.jdt.junit5.runtime -classNames GraphTest
java_class_path (initial): C:\Users\casey\eclipse-workspace\Djikstras\bin;C:\Users\casey\.p2\pool\plugins\org.junit.jupiter.api_5.6.0.v20200203-2009.jar;C:\Users\casey\.p2\pool\plugins\org.junit.jupiter.engine_5.6.0.v20200203-2009.jar;C:\Users\casey\.p2\pool\plugins\org.junit.jupiter.migrationsupport_5.6.0.v20200203-2009.jar;C:\Users\casey\.p2\pool\plugins\org.junit.jupiter.params_5.6.0.v20200203-2009.jar;C:\Users\casey\.p2\pool\plugins\org.junit.platform.commons_1.6.0.v20200203-2009.jar;C:\Users\casey\.p2\pool\plugins\org.junit.platform.engine_1.6.0.v20200203-2009.jar;C:\Users\casey\.p2\pool\plugins\org.junit.platform.launcher_1.6.0.v20200203-2009.jar;C:\Users\casey\.p2\pool\plugins\org.junit.platform.runner_1.6.0.v20200203-2009.jar;C:\Users\casey\.p2\pool\plugins\org.junit.platform.suite.api_1.6.0.v20200203-2009.jar;C:\Users\casey\.p2\pool\plugins\org.junit.vintage.engine_5.6.0.v20200203-2009.jar;C:\Users\casey\.p2\pool\plugins\org.opentest4j_1.2.0.v20190826-0900.jar;C:\Users\casey\.p2\pool\plugins\org.apiguardian_1.1.0.v20190826-0900.jar;C:\Users\casey\.p2\pool\plugins\org.junit_4.13.0.v20200204-1500.jar;C:\Users\casey\.p2\pool\plugins\org.hamcrest.core_1.3.0.v20180420-1519.jar;C:\Users\casey\eclipse\java-2020-06\eclipse\configuration\org.eclipse.osgi\221\0\.cp;C:\Users\casey\eclipse\java-2020-06\eclipse\configuration\org.eclipse.osgi\219\0\.cp
Launcher Type: SUN_STANDARD

[Global flags]
     intx CICompilerCount                          = 12                                        {product} {ergonomic}
     uint ConcGCThreads                            = 5                                         {product} {ergonomic}
     uint G1ConcRefinementThreads                  = 18                                        {product} {ergonomic}
   size_t G1HeapRegionSize                         = 2097152                                   {product} {ergonomic}
    uintx GCDrainStackTargetSize                   = 64                                        {product} {ergonomic}
   size_t InitialHeapSize                          = 536870912                                 {product} {ergonomic}
   size_t MarkStackSize                            = 4194304                                   {product} {ergonomic}
   size_t MaxHeapSize                              = 8566865920                                {product} {ergonomic}
   size_t MaxNewSize                               = 5140119552                                {product} {ergonomic}
   size_t MinHeapDeltaBytes                        = 2097152                                   {product} {ergonomic}
    uintx NonNMethodCodeHeapSize                   = 7594288                                {pd product} {ergonomic}
    uintx NonProfiledCodeHeapSize                  = 122031976                              {pd product} {ergonomic}
    uintx ProfiledCodeHeapSize                     = 122031976                              {pd product} {ergonomic}
    uintx ReservedCodeCacheSize                    = 251658240                              {pd product} {ergonomic}
     bool SegmentedCodeCache                       = true                                      {product} {ergonomic}
     bool UseCompressedClassPointers               = true                                 {lp64_product} {ergonomic}
     bool UseCompressedOops                        = true                                 {lp64_product} {ergonomic}
     bool UseG1GC                                  = true                                      {product} {ergonomic}
     bool UseLargePagesIndividualAllocation        = false                                  {pd product} {ergonomic}

Logging:
Log output configuration:
 #0: stdout all=warning uptime,level,tags
 #1: stderr all=off uptime,level,tags

Environment Variables:
PATH=C:/Program Files/AdoptOpenJDK/jdk-11.0.8.10-hotspot/bin/client;C:/Program Files/AdoptOpenJDK/jdk-11.0.8.10-hotspot/bin;C:\Program Files (x86)\NVIDIA Corporation\PhysX\Common;C:\Program Files\AdoptOpenJDK\jdk-11.0.8.10-hotspot\bin;C:\Windows\system32;C:\Windows;C:\Windows\System32\Wbem;C:\Windows\System32\WindowsPowerShell\v1.0\;C:\Windows\System32\OpenSSH\;C:\Users\casey\AppData\Local\Microsoft\WindowsApps;C:\Users\casey\AppData\Local\GitHubDesktop\bin;C:\Windows\System32;
USERNAME=casey
OS=Windows_NT
PROCESSOR_IDENTIFIER=AMD64 Family 23 Model 113 Stepping 0, AuthenticAMD



---------------  S Y S T E M  ---------------

OS: Windows 10 , 64 bit Build 19041 (10.0.19041.804)
OS uptime: 15 days 3:53 hours

CPU:total 24 (initial active 24) (24 cores per cpu, 2 threads per core) family 23 model 113 stepping 0, cmov, cx8, fxsr, mmx, sse, sse2, sse3, ssse3, sse4.1, sse4.2, popcnt, avx, avx2, aes, clmul, mmxext, 3dnowpref, lzcnt, sse4a, ht, tsc, tscinvbit, tscinv, bmi1, bmi2, adx, sha, fma

Memory: 4k page, system-wide physical 32672M (19999M free)
TotalPageFile size 37536M (AvailPageFile size 20004M)
current process WorkingSet (physical memory assigned to process): 94M, peak: 108M
current process commit charge ("private bytes"): 645M, peak: 657M

vm_info: OpenJDK 64-Bit Server VM (11.0.8+10) for windows-amd64 JRE (11.0.8+10), built on Jul 15 2020 11:45:54 by "" with MS VC++ 15.9 (VS2017)

END.
